INFO:apscheduler.scheduler:Adding job tentatively -- it will be properly scheduled when the scheduler starts
INFO:apscheduler.scheduler:Adding job tentatively -- it will be properly scheduled when the scheduler starts
INFO:apscheduler.scheduler:Adding job tentatively -- it will be properly scheduled when the scheduler starts
INFO:apscheduler.scheduler:Adding job tentatively -- it will be properly scheduled when the scheduler starts
INFO:apscheduler.scheduler:Adding job tentatively -- it will be properly scheduled when the scheduler starts
INFO:apscheduler.scheduler:Adding job tentatively -- it will be properly scheduled when the scheduler starts
INFO:apscheduler.scheduler:Adding job tentatively -- it will be properly scheduled when the scheduler starts
INFO:apscheduler.scheduler:Adding job tentatively -- it will be properly scheduled when the scheduler starts
INFO:apscheduler.scheduler:Added job "check_purple_domains" to job store "default"
INFO:apscheduler.scheduler:Added job "check_red_domains" to job store "default"
INFO:apscheduler.scheduler:Added job "check_orange_domains" to job store "default"
INFO:apscheduler.scheduler:Added job "check_yellow_domains" to job store "default"
INFO:apscheduler.scheduler:Added job "check_brown_domains" to job store "default"
INFO:apscheduler.scheduler:Added job "check_grey_domains" to job store "default"
INFO:apscheduler.scheduler:Added job "poll_pending_urlscans" to job store "default"
INFO:apscheduler.scheduler:Added job "trigger_correlation_refresh" to job store "default"
INFO:apscheduler.scheduler:Scheduler started
INFO:app.utils:Scheduler started.
 * Serving Flask app 'app'
 * Debug mode: on
INFO:werkzeug:[31m[1mWARNING: This is a development server. Do not use it in a production deployment. Use a production WSGI server instead.[0m
 * Running on all addresses (0.0.0.0)
 * Running on http://127.0.0.1:8080
 * Running on http://192.168.0.2:8080
INFO:werkzeug:[33mPress CTRL+C to quit[0m
INFO:werkzeug: * Restarting with stat
INFO:apscheduler.scheduler:Adding job tentatively -- it will be properly scheduled when the scheduler starts
INFO:apscheduler.scheduler:Adding job tentatively -- it will be properly scheduled when the scheduler starts
INFO:apscheduler.scheduler:Adding job tentatively -- it will be properly scheduled when the scheduler starts
INFO:apscheduler.scheduler:Adding job tentatively -- it will be properly scheduled when the scheduler starts
INFO:apscheduler.scheduler:Adding job tentatively -- it will be properly scheduled when the scheduler starts
INFO:apscheduler.scheduler:Adding job tentatively -- it will be properly scheduled when the scheduler starts
INFO:apscheduler.scheduler:Adding job tentatively -- it will be properly scheduled when the scheduler starts
INFO:apscheduler.scheduler:Adding job tentatively -- it will be properly scheduled when the scheduler starts
INFO:apscheduler.scheduler:Added job "check_purple_domains" to job store "default"
INFO:apscheduler.scheduler:Added job "check_red_domains" to job store "default"
INFO:apscheduler.scheduler:Added job "check_orange_domains" to job store "default"
INFO:apscheduler.scheduler:Added job "check_yellow_domains" to job store "default"
INFO:apscheduler.scheduler:Added job "check_brown_domains" to job store "default"
INFO:apscheduler.scheduler:Added job "check_grey_domains" to job store "default"
INFO:apscheduler.scheduler:Added job "poll_pending_urlscans" to job store "default"
INFO:apscheduler.scheduler:Added job "trigger_correlation_refresh" to job store "default"
INFO:apscheduler.scheduler:Scheduler started
INFO:app.utils:Scheduler started.
WARNING:werkzeug: * Debugger is active!
INFO:werkzeug: * Debugger PIN: 410-907-091
INFO:werkzeug:127.0.0.1 - - [30/Jan/2026 22:14:32] "GET /login HTTP/1.1" 200 -
INFO:syslog_logger:<14>1 2026-01-30T22:14:32Z devbox PhishingDomainTracker 10171 - - {"User": "admin", "IP Address": "127.0.0.1", "Phishing Domain": "N/A", "Action Taken": "Login", "timestamp_utc": "2026-01-30T22:14:32Z", "is_admin": true, "session_id": "eyJjc3JmX3Rva2VuIjoiNTljMTU0MTVkNWFkMzY0ODg1MGU0NjUzODZhYWEyOWY4MzgxNTE0YyJ9.aX0tSA.2TsS0JrSiJhEBTEDW-e4v0YWXSk"}
INFO:werkzeug:127.0.0.1 - - [30/Jan/2026 22:14:32] "[32mPOST /login HTTP/1.1[0m" 302 -
/app/app/app.py:95: LegacyAPIWarning: The Query.get() method is considered legacy as of the 1.x series of SQLAlchemy and becomes a legacy construct in 2.0. The method is now available as Session.get() (deprecated since: 2.0) (Background on SQLAlchemy 2.0 at: https://sqlalche.me/e/b8d9)
  return User.query.get(int(user_id))
INFO:werkzeug:127.0.0.1 - - [30/Jan/2026 22:14:32] "GET / HTTP/1.1" 200 -
INFO:werkzeug:127.0.0.1 - - [30/Jan/2026 22:14:32] "GET /domain/1 HTTP/1.1" 200 -
INFO:werkzeug:127.0.0.1 - - [30/Jan/2026 22:14:32] "GET /static/screenshots/test_screenshot_1.png HTTP/1.1" 200 -
